Dec 01, 2015 12:59:48 PM org.apache.catalina.startup.VersionLoggerListener log
INFO: Server version:        Apache Tomcat/7.0.65
Dec 01, 2015 12:59:48 PM org.apache.catalina.startup.VersionLoggerListener log
INFO: Server built:          Oct 9 2015 08:36:58 UTC
Dec 01, 2015 12:59:48 PM org.apache.catalina.startup.VersionLoggerListener log
INFO: Server number:         7.0.65.0
Dec 01, 2015 12:59:48 PM org.apache.catalina.startup.VersionLoggerListener log
INFO: OS Name:               Windows 8.1
Dec 01, 2015 12:59:48 PM org.apache.catalina.startup.VersionLoggerListener log
INFO: OS Version:            6.3
Dec 01, 2015 12:59:48 PM org.apache.catalina.startup.VersionLoggerListener log
INFO: Architecture:          x86
Dec 01, 2015 12:59:48 PM org.apache.catalina.startup.VersionLoggerListener log
INFO: Java Home:             C:\Program Files (x86)\Java\jre1.8.0_45
Dec 01, 2015 12:59:48 PM org.apache.catalina.startup.VersionLoggerListener log
INFO: JVM Version:           1.8.0_45-b15
Dec 01, 2015 12:59:48 PM org.apache.catalina.startup.VersionLoggerListener log
INFO: JVM Vendor:            Oracle Corporation
Dec 01, 2015 12:59:48 PM org.apache.catalina.startup.VersionLoggerListener log
INFO: CATALINA_BASE:         D:\Zaloni\Hackathon2016\apache-tomcat-7.0.65\bedrock-manager
Dec 01, 2015 12:59:48 PM org.apache.catalina.startup.VersionLoggerListener log
INFO: CATALINA_HOME:         D:\Zaloni\Hackathon2016\apache-tomcat-7.0.65\bedrock-manager
Dec 01, 2015 12:59:48 PM org.apache.catalina.startup.VersionLoggerListener log
INFO: Command line argument: -Djava.util.logging.config.file=D:\Zaloni\Hackathon2016\apache-tomcat-7.0.65\bedrock-manager\conf\logging.properties
Dec 01, 2015 12:59:48 PM org.apache.catalina.startup.VersionLoggerListener log
INFO: Command line argument: -Djava.util.logging.manager=org.apache.juli.ClassLoaderLogManager
Dec 01, 2015 12:59:48 PM org.apache.catalina.startup.VersionLoggerListener log
INFO: Command line argument: -Djava.endorsed.dirs=D:\Zaloni\Hackathon2016\apache-tomcat-7.0.65\bedrock-manager\endorsed
Dec 01, 2015 12:59:48 PM org.apache.catalina.startup.VersionLoggerListener log
INFO: Command line argument: -Dcatalina.base=D:\Zaloni\Hackathon2016\apache-tomcat-7.0.65\bedrock-manager
Dec 01, 2015 12:59:48 PM org.apache.catalina.startup.VersionLoggerListener log
INFO: Command line argument: -Dcatalina.home=D:\Zaloni\Hackathon2016\apache-tomcat-7.0.65\bedrock-manager
Dec 01, 2015 12:59:48 PM org.apache.catalina.startup.VersionLoggerListener log
INFO: Command line argument: -Djava.io.tmpdir=D:\Zaloni\Hackathon2016\apache-tomcat-7.0.65\bedrock-manager\temp
Dec 01, 2015 12:59:48 PM org.apache.catalina.core.AprLifecycleListener lifecycleEvent
INFO: The APR based Apache Tomcat Native library which allows optimal performance in production environments was not found on the java.library.path: C:\Program Files (x86)\Java\jre1.8.0_45\bin;C:\Windows\Sun\Java\bin;C:\Windows\system32;C:\Windows;C:\ProgramData\Oracle\Java\javapath;C:\Program Files\Broadcom\Broadcom 802.11 Network Adapter\Driver;;C:\Windows\system32;C:\Windows;C:\Windows\System32\Wbem;C:\Windows\System32\WindowsPowerShell\v1.0\;C:\Program Files\TortoiseSVN\bin;C:\Program Files (x86)\Symantec\VIP Access Client\;C:\Program Files (x86)\Skype\Phone\;C:\ProgramData\Oracle\Java\javapath;C:\Program Files\Broadcom\Broadcom 802.11 Network Adapter\Driver;C:\Windows\system32;C:\Windows;C:\Windows\System32\Wbem;C:\Windows\System32\WindowsPowerShell\v1.0\;C:\Program Files\TortoiseSVN\bin;C:\Program Files (x86)\Symantec\VIP Access Client\;C:\Program Files (x86)\Skype\Phone\;.
Dec 01, 2015 12:59:48 PM org.apache.coyote.AbstractProtocol init
INFO: Initializing ProtocolHandler ["http-bio-8080"]
Dec 01, 2015 12:59:48 PM org.apache.coyote.AbstractProtocol init
INFO: Initializing ProtocolHandler ["ajp-bio-8009"]
Dec 01, 2015 12:59:48 PM org.apache.catalina.startup.Catalina load
INFO: Initialization processed in 506 ms
Dec 01, 2015 12:59:48 PM org.apache.catalina.core.StandardService startInternal
INFO: Starting service Catalina
Dec 01, 2015 12:59:48 PM org.apache.catalina.core.StandardEngine startInternal
INFO: Starting Servlet Engine: Apache Tomcat/7.0.65
Dec 01, 2015 12:59:48 PM org.apache.catalina.startup.HostConfig deployDirectory
INFO: Deploying web application directory D:\Zaloni\Hackathon2016\apache-tomcat-7.0.65\bedrock-manager\webapps\docs
Dec 01, 2015 12:59:49 PM org.apache.catalina.util.SessionIdGeneratorBase createSecureRandom
INFO: Creation of SecureRandom instance for session ID generation using [SHA1PRNG] took [383] milliseconds.
Dec 01, 2015 12:59:49 PM org.apache.catalina.startup.HostConfig deployDirectory
INFO: Deployment of web application directory D:\Zaloni\Hackathon2016\apache-tomcat-7.0.65\bedrock-manager\webapps\docs has finished in 701 ms
Dec 01, 2015 12:59:49 PM org.apache.catalina.startup.HostConfig deployDirectory
INFO: Deploying web application directory D:\Zaloni\Hackathon2016\apache-tomcat-7.0.65\bedrock-manager\webapps\examples
Dec 01, 2015 12:59:50 PM org.apache.catalina.startup.HostConfig deployDirectory
INFO: Deployment of web application directory D:\Zaloni\Hackathon2016\apache-tomcat-7.0.65\bedrock-manager\webapps\examples has finished in 1,219 ms
Dec 01, 2015 12:59:50 PM org.apache.catalina.startup.HostConfig deployDirectory
INFO: Deploying web application directory D:\Zaloni\Hackathon2016\apache-tomcat-7.0.65\bedrock-manager\webapps\host-manager
Dec 01, 2015 12:59:50 PM org.apache.catalina.startup.HostConfig deployDirectory
INFO: Deployment of web application directory D:\Zaloni\Hackathon2016\apache-tomcat-7.0.65\bedrock-manager\webapps\host-manager has finished in 80 ms
Dec 01, 2015 12:59:50 PM org.apache.catalina.startup.HostConfig deployDirectory
INFO: Deploying web application directory D:\Zaloni\Hackathon2016\apache-tomcat-7.0.65\bedrock-manager\webapps\manager
Dec 01, 2015 12:59:50 PM org.apache.catalina.startup.HostConfig deployDirectory
INFO: Deployment of web application directory D:\Zaloni\Hackathon2016\apache-tomcat-7.0.65\bedrock-manager\webapps\manager has finished in 104 ms
Dec 01, 2015 12:59:50 PM org.apache.catalina.startup.HostConfig deployDirectory
INFO: Deploying web application directory D:\Zaloni\Hackathon2016\apache-tomcat-7.0.65\bedrock-manager\webapps\New folder
Dec 01, 2015 12:59:50 PM org.apache.catalina.startup.HostConfig deployDirectory
INFO: Deployment of web application directory D:\Zaloni\Hackathon2016\apache-tomcat-7.0.65\bedrock-manager\webapps\New folder has finished in 57 ms
Dec 01, 2015 12:59:50 PM org.apache.catalina.startup.HostConfig deployDirectory
INFO: Deploying web application directory D:\Zaloni\Hackathon2016\apache-tomcat-7.0.65\bedrock-manager\webapps\ROOT
Dec 01, 2015 12:59:50 PM org.apache.catalina.startup.HostConfig deployDirectory
INFO: Deployment of web application directory D:\Zaloni\Hackathon2016\apache-tomcat-7.0.65\bedrock-manager\webapps\ROOT has finished in 56 ms
Dec 01, 2015 12:59:50 PM org.apache.coyote.AbstractProtocol start
INFO: Starting ProtocolHandler ["http-bio-8080"]
Dec 01, 2015 12:59:50 PM org.apache.coyote.AbstractProtocol start
INFO: Starting ProtocolHandler ["ajp-bio-8009"]
Dec 01, 2015 12:59:50 PM org.apache.catalina.startup.Catalina start
INFO: Server startup in 2274 ms
Dec 01, 2015 1:00:21 PM org.apache.catalina.startup.HostConfig undeploy
INFO: Undeploying context [/New folder]
Dec 01, 2015 1:00:21 PM org.apache.catalina.startup.HostConfig deployDirectory
INFO: Deploying web application directory D:\Zaloni\Hackathon2016\apache-tomcat-7.0.65\bedrock-manager\webapps\bedrock-admin
Dec 01, 2015 1:00:21 PM org.apache.catalina.startup.HostConfig deployDirectory
INFO: Deployment of web application directory D:\Zaloni\Hackathon2016\apache-tomcat-7.0.65\bedrock-manager\webapps\bedrock-admin has finished in 55 ms
